****************************************************************************************************************************************************************
***                                WIDEN YOUR WINDOW TO 160 CHARACTERS.  Use 'enscript -r -fCourier9' to print this document                                 ***
****************************************************************************************************************************************************************

------------------------------------------------------------------ PETSc Performance Summary: ------------------------------------------------------------------

./bin/control_arm_cpp on a  named DESKTOP-FJT7392 with 4 processors, by yuanchenxi Wed May 27 18:59:23 2026
Using Petsc Release Version 3.19.6, Sep 28, 2023 

                         Max       Max/Min     Avg       Total
Time (sec):           3.251e-01     1.006   3.237e-01
Objects:              4.000e+00     1.000   4.000e+00
Flops:                0.000e+00     0.000   0.000e+00  0.000e+00
Flops/sec:            0.000e+00     0.000   0.000e+00  0.000e+00
MPI Msg Count:        1.500e+00     3.000   7.500e-01  3.000e+00
MPI Msg Len (bytes):  2.304e+05     3.000   1.536e+05  4.608e+05
MPI Reductions:       2.900e+01     1.000

Flop counting convention: 1 flop = 1 real number operation of type (multiply/divide/add/subtract)
                            e.g., VecAXPY() for real vectors of length N --> 2N flops
                            and VecAXPY() for complex vectors of length N --> 8N flops

Summary of Stages:   ----- Time ------  ----- Flop ------  --- Messages ---  -- Message Lengths --  -- Reductions --
                        Avg     %Total     Avg     %Total    Count   %Total     Avg         %Total    Count   %Total
 0:      Main Stage: 3.2368e-01 100.0%  0.0000e+00   0.0%  3.000e+00 100.0%  1.536e+05      100.0%  1.100e+01  37.9%

------------------------------------------------------------------------------------------------------------------------
See the 'Profiling' chapter of the users' manual for details on interpreting output.
Phase summary info:
   Count: number of times phase was executed
   Time and Flop: Max - maximum over all processors
                  Ratio - ratio of maximum to minimum over all processors
   Mess: number of messages sent
   AvgLen: average message length (bytes)
   Reduct: number of global reductions
   Global: entire computation
   Stage: stages of a computation. Set stages with PetscLogStagePush() and PetscLogStagePop().
      %T - percent time in this phase         %F - percent flop in this phase
      %M - percent messages in this phase     %L - percent message lengths in this phase
      %R - percent reductions in this phase
   Total Mflop/s: 10e-6 * (sum of flop over all processors)/(max time over all processors)
------------------------------------------------------------------------------------------------------------------------
Event                Count      Time (sec)     Flop                              --- Global ---  --- Stage ----  Total
                   Max Ratio  Max     Ratio   Max  Ratio  Mess   AvgLen  Reduct  %T %F %M %L %R  %T %F %M %L %R Mflop/s
------------------------------------------------------------------------------------------------------------------------

--- Event Stage 0: Main Stage

BuildTwoSided          1 1.0 5.9945e-05 3.0 0.00e+00 0.0 0.0e+00 0.0e+00 1.0e+00  0  0  0  0  3   0  0  0  0  9     0
BuildTwoSidedF         1 1.0 6.4119e-05 3.0 0.00e+00 0.0 0.0e+00 0.0e+00 1.0e+00  0  0  0  0  3   0  0  0  0  9     0
VecView                1 1.0 1.4796e-02 1.0 0.00e+00 0.0 3.0e+00 1.5e+05 1.0e+00  4  0 100 100  3   4  0 100 100  9     0
VecAssemblyBegin       1 1.0 7.9362e-05 2.8 0.00e+00 0.0 0.0e+00 0.0e+00 1.0e+00  0  0  0  0  3   0  0  0  0  9     0
VecAssemblyEnd         1 1.0 6.6770e-06 1.2 0.00e+00 0.0 0.0e+00 0.0e+00 0.0e+00  0  0  0  0  0   0  0  0  0  0     0
------------------------------------------------------------------------------------------------------------------------

Object Type          Creations   Destructions. Reports information only for process 0.

--- Event Stage 0: Main Stage

              Vector     1              1
              Viewer     3              2
========================================================================================================================
Average time to get PetscTime(): 1.87e-08
Average time for MPI_Barrier(): 7.762e-07
Average time for zero size MPI_Send(): 1.3543e-05
#PETSc Option Table entries:
-control_arm_mask true # (source: command line)
-density_binary_file result/cpp_geometry_80_40_24_np4_rho.petscbin # (source: command line)
-log_view :result/cpp_geometry_80_40_24_np4_petsc.log # (source: command line)
-mask_threshold 0.5 # (source: command line)
-max_vtk_cells 300000 # (source: command line)
-mode geometry # (source: command line)
-nx 80 # (source: command line)
-ny 40 # (source: command line)
-nz 24 # (source: command line)
-operator low_order # (source: command line)
-output_prefix result/cpp_geometry_80_40_24_np4 # (source: command line)
-solid_vtk_file result/cpp_geometry_80_40_24_np4_solid.vtk # (source: command line)
-structured_vtk_file result/cpp_geometry_80_40_24_np4.vtk # (source: command line)
-void_density 0.02 # (source: command line)
-write_density_binary true # (source: command line)
-write_solid_vtk true # (source: command line)
-write_structured_vtk true # (source: command line)
#End of PETSc Option Table entries
Compiled without FORTRAN kernels
Compiled with full precision matrices (default)
sizeof(short) 2 sizeof(int) 4 sizeof(long) 8 sizeof(void*) 8 sizeof(PetscScalar) 8 sizeof(PetscInt) 4
Configure options: --build=x86_64-linux-gnu --prefix=/usr --includedir=${prefix}/include --mandir=${prefix}/share/man --infodir=${prefix}/share/info --sysconfdir=/etc --localstatedir=/var --with-option-checking=0 --with-silent-rules=0 --libdir=${prefix}/lib/x86_64-linux-gnu --runstatedir=/run --with-maintainer-mode=0 --with-dependency-tracking=0 --with-debugging=0 --shared-library-extension=_real --with-shared-libraries --with-pic=1 --with-cc=mpicc --with-cxx=mpicxx --with-fc=mpif90 --with-cxx-dialect=C++11 --with-opencl=1 --with-blas-lib=-lblas --with-lapack-lib=-llapack --with-scalapack=1 --with-scalapack-lib=-lscalapack-openmpi --with-ptscotch=1 --with-ptscotch-include=/usr/include/scotch --with-ptscotch-lib="-lptesmumps -lptscotch -lptscotcherr" --with-fftw=1 --with-fftw-include="[]" --with-fftw-lib="-lfftw3 -lfftw3_mpi" --with-yaml=1 --with-hdf5-include=/usr/include/hdf5/openmpi --with-hdf5-lib="-L/usr/lib/x86_64-linux-gnu/hdf5/openmpi -lhdf5 -L/usr/lib/x86_64-linux-gnu/openmpi/lib -lmpi " --CXX_LINKER_FLAGS="-Wl,--no-as-needed -Wl,-z,defs" --CC_LINKER_FLAGS=-Wl,-z,defs --with-hypre=1 --with-hypre-include=/usr/include/hypre --with-hypre-lib=-lHYPRE --with-mumps=1 --with-mumps-include="[]" --with-mumps-lib="-ldmumps -lzmumps -lsmumps -lcmumps -lmumps_common -lpord" --with-suitesparse=1 --with-suitesparse-include=/usr/include/suitesparse --with-suitesparse-lib="-lspqr -lumfpack -lamd -lcholmod -lklu" --with-superlu=1 --with-superlu-include=/usr/include/superlu --with-superlu-lib=-lsuperlu --with-superlu_dist=1 --with-superlu_dist-include=/usr/include/superlu-dist --with-superlu_dist-lib=-lsuperlu_dist --with-ml=1 --with-ml-include=/usr/include/trilinos --with-ml-lib=-ltrilinos_ml --with-zoltan=1 --with-zoltan-include=/usr/include/trilinos --with-zoltan-lib=-ltrilinos_zoltan --prefix=/usr/lib/petscdir/petsc3.19/x86_64-linux-gnu-real --PETSC_ARCH=x86_64-linux-gnu-real CFLAGS="-g -O2 -fno-omit-frame-pointer -mno-omit-leaf-frame-pointer -ffile-prefix-map=/build/petsc-Z9YQSK/petsc-3.19.6+dfsg1=. -flto=auto -ffat-lto-objects -fstack-protector-strong -fstack-clash-protection -Wformat -Werror=format-security -fcf-protection -fPIC" CXXFLAGS="-g -O2 -fno-omit-frame-pointer -mno-omit-leaf-frame-pointer -ffile-prefix-map=/build/petsc-Z9YQSK/petsc-3.19.6+dfsg1=. -flto=auto -ffat-lto-objects -fstack-protector-strong -fstack-clash-protection -Wformat -Werror=format-security -fcf-protection -fPIC" FCFLAGS="-g -O2 -fno-omit-frame-pointer -mno-omit-leaf-frame-pointer -ffile-prefix-map=/build/petsc-Z9YQSK/petsc-3.19.6+dfsg1=. -flto=auto -ffat-lto-objects -fstack-protector-strong -fstack-clash-protection -fcf-protection -fPIC -ffree-line-length-0" FFLAGS="-g -O2 -fno-omit-frame-pointer -mno-omit-leaf-frame-pointer -ffile-prefix-map=/build/petsc-Z9YQSK/petsc-3.19.6+dfsg1=. -flto=auto -ffat-lto-objects -fstack-protector-strong -fstack-clash-protection -fcf-protection -fPIC -ffree-line-length-0" CPPFLAGS="-Wdate-time -D_FORTIFY_SOURCE=3" LDFLAGS="-Wl,-Bsymbolic-functions -flto=auto -ffat-lto-objects -Wl,-z,relro -fPIC" MAKEFLAGS=w
-----------------------------------------
Libraries compiled on 2024-03-31 06:45:22 on reproducible 
Machine characteristics: Linux-5.4.0-173-generic-x86_64-with-glibc2.39
Using PETSc directory: /usr/lib/petscdir/petsc3.19/x86_64-linux-gnu-real
Using PETSc arch: 
-----------------------------------------

Using C compiler: mpicc -g -O2 -fno-omit-frame-pointer -mno-omit-leaf-frame-pointer -ffile-prefix-map=/build/petsc-Z9YQSK/petsc-3.19.6+dfsg1=. -flto=auto -ffat-lto-objects -fstack-protector-strong -fstack-clash-protection -Wformat -Werror=format-security -fcf-protection -fPIC -Wdate-time -D_FORTIFY_SOURCE=3 
Using Fortran compiler: mpif90 -g -O2 -fno-omit-frame-pointer -mno-omit-leaf-frame-pointer -ffile-prefix-map=/build/petsc-Z9YQSK/petsc-3.19.6+dfsg1=. -flto=auto -ffat-lto-objects -fstack-protector-strong -fstack-clash-protection -fcf-protection -fPIC -ffree-line-length-0    -Wdate-time -D_FORTIFY_SOURCE=3
-----------------------------------------

Using include paths: -I/usr/lib/petscdir/petsc3.19/x86_64-linux-gnu-real/include -I/usr/include/hypre -I/usr/include/suitesparse -I/usr/include/superlu -I/usr/include/superlu-dist -I/usr/include/trilinos -I/usr/include/scotch -I/usr/include/hdf5/openmpi
-----------------------------------------

Using C linker: mpicc
Using Fortran linker: mpif90
Using libraries: -L/usr/lib/petscdir/petsc3.19/x86_64-linux-gnu-real/lib -L/usr/lib/petscdir/petsc3.19/x86_64-linux-gnu-real/lib -lpetsc_real -L/usr/lib/x86_64-linux-gnu/hdf5/openmpi -L/usr/lib/x86_64-linux-gnu/openmpi/lib -L/usr/lib/x86_64-linux-gnu/openmpi/lib/fortran/gfortran -L/usr/lib/gcc/x86_64-linux-gnu/13 -lHYPRE -lspqr -lumfpack -lamd -lcholmod -lklu -ldmumps -lzmumps -lsmumps -lcmumps -lmumps_common -lpord -lscalapack-openmpi -lsuperlu -lsuperlu_dist -ltrilinos_ml -lfftw3 -lfftw3_mpi -llapack -lblas -ltrilinos_zoltan -lptesmumps -lptscotch -lptscotcherr -lhdf5 -lmpi -lm -lOpenCL -lyaml -lX11 -lstdc++ -lmpi_usempif08 -lmpi_usempi_ignore_tkr -lmpi_mpifh -lmpi -lopen-rte -lopen-pal -lhwloc -levent_core -levent_pthreads -lgfortran -lm -lz -lgfortran -lm -lgfortran -lgcc_s -lquadmath -lstdc++
-----------------------------------------

