****************************************************************************************************************************************************************
***                                WIDEN YOUR WINDOW TO 160 CHARACTERS.  Use 'enscript -r -fCourier9' to print this document                                 ***
****************************************************************************************************************************************************************

------------------------------------------------------------------ PETSc Performance Summary: ------------------------------------------------------------------

./bin/control_arm_cpp on a  named DESKTOP-FJT7392 with 4 processors, by yuanchenxi Wed May 27 18:59:24 2026
Using Petsc Release Version 3.19.6, Sep 28, 2023 

                         Max       Max/Min     Avg       Total
Time (sec):           1.027e+00     1.002   1.026e+00
Objects:              6.080e+02     1.000   6.080e+02
Flops:                2.342e+08     1.169   2.236e+08  8.944e+08
Flops/sec:            2.284e+08     1.170   2.180e+08  8.720e+08
MPI Msg Count:        1.467e+03     1.848   1.131e+03  4.525e+03
MPI Msg Len (bytes):  3.501e+07     1.990   2.328e+04  1.053e+08
MPI Reductions:       6.930e+02     1.000

Flop counting convention: 1 flop = 1 real number operation of type (multiply/divide/add/subtract)
                            e.g., VecAXPY() for real vectors of length N --> 2N flops
                            and VecAXPY() for complex vectors of length N --> 8N flops

Summary of Stages:   ----- Time ------  ----- Flop ------  --- Messages ---  -- Message Lengths --  -- Reductions --
                        Avg     %Total     Avg     %Total    Count   %Total     Avg         %Total    Count   %Total
 0:      Main Stage: 1.0258e+00 100.0%  8.9445e+08 100.0%  4.525e+03 100.0%  2.328e+04      100.0%  6.750e+02  97.4%

------------------------------------------------------------------------------------------------------------------------
See the 'Profiling' chapter of the users' manual for details on interpreting output.
Phase summary info:
   Count: number of times phase was executed
   Time and Flop: Max - maximum over all processors
                  Ratio - ratio of maximum to minimum over all processors
   Mess: number of messages sent
   AvgLen: average message length (bytes)
   Reduct: number of global reductions
   Global: entire computation
   Stage: stages of a computation. Set stages with PetscLogStagePush() and PetscLogStagePop().
      %T - percent time in this phase         %F - percent flop in this phase
      %M - percent messages in this phase     %L - percent message lengths in this phase
      %R - percent reductions in this phase
   Total Mflop/s: 10e-6 * (sum of flop over all processors)/(max time over all processors)
------------------------------------------------------------------------------------------------------------------------
Event                Count      Time (sec)     Flop                              --- Global ---  --- Stage ----  Total
                   Max Ratio  Max     Ratio   Max  Ratio  Mess   AvgLen  Reduct  %T %F %M %L %R  %T %F %M %L %R Mflop/s
------------------------------------------------------------------------------------------------------------------------

--- Event Stage 0: Main Stage

BuildTwoSided         98 1.0 1.9074e-02 6.6 0.00e+00 0.0 3.0e+02 4.0e+00 9.8e+01  1  0  7  0 14   1  0  7  0 15     0
BuildTwoSidedF        50 1.0 1.6939e-02 8.1 0.00e+00 0.0 1.5e+02 8.4e+04 5.0e+01  1  0  3 12  7   1  0  3 12  7     0
MatMult              362 1.0 1.1534e-01 1.0 1.30e+08 1.2 2.5e+03 2.8e+04 0.0e+00 11 55 56 66  0  11 55 56 66  0  4285
MatMultAdd            76 1.0 1.6313e-02 1.1 1.02e+07 1.1 4.2e+02 5.6e+03 0.0e+00  2  4  9  2  0   2  4  9  2  0  2384
MatMultTranspose      76 1.0 2.0782e-02 1.1 1.03e+07 1.1 4.2e+02 5.6e+03 0.0e+00  2  4  9  2  0   2  4  9  2  0  1886
MatSolve              19 0.0 4.7528e-05 0.0 3.42e+02 0.0 0.0e+00 0.0e+00 0.0e+00  0  0  0  0  0   0  0  0  0  0     7
MatLUFactorSym         1 1.0 7.8670e-06 2.1 0.00e+00 0.0 0.0e+00 0.0e+00 0.0e+00  0  0  0  0  0   0  0  0  0  0     0
MatLUFactorNum         1 1.0 9.2300e-07 2.2 1.50e+01 0.0 0.0e+00 0.0e+00 0.0e+00  0  0  0  0  0   0  0  0  0  0    16
MatConvert             5 1.0 1.0030e-02 1.0 0.00e+00 0.0 6.8e+01 8.6e+03 5.0e+00  1  0  2  1  1   1  0  2  1  1     0
MatScale               8 1.0 7.3803e-04 1.3 5.35e+05 1.1 0.0e+00 0.0e+00 0.0e+00  0  0  0  0  0   0  0  0  0  0  2774
MatResidual           76 1.0 2.1432e-02 1.1 2.70e+07 1.2 5.3e+02 2.5e+04 0.0e+00  2 11 12 13  0   2 11 12 13  0  4785
MatAssemblyBegin      90 1.0 1.9481e-02 1.7 0.00e+00 0.0 1.5e+02 8.4e+04 4.1e+01  1  0  3 12  6   1  0  3 12  6     0
MatAssemblyEnd        90 1.0 3.2618e-02 1.0 2.08e+05 2.8 2.8e+02 3.0e+03 1.6e+02  3  0  6  1 23   3  0  6  1 24    18
MatGetRowIJ            1 0.0 1.0990e-06 0.0 0.00e+00 0.0 0.0e+00 0.0e+00 0.0e+00  0  0  0  0  0   0  0  0  0  0     0
MatCreateSubMat        4 1.0 6.2756e-04 1.0 0.00e+00 0.0 3.3e+01 8.8e+02 6.0e+01  0  0  1  0  9   0  0  1  0  9     0
MatGetOrdering         1 0.0 7.4490e-06 0.0 0.00e+00 0.0 0.0e+00 0.0e+00 0.0e+00  0  0  0  0  0   0  0  0  0  0     0
MatCoarsen             4 1.0 5.0423e-02 1.0 1.63e+06 1.0 5.0e+02 1.2e+04 1.7e+02  5  1 11  6 25   5  1 11  6 25   128
MatZeroEntries         5 1.0 7.7412e-04 1.4 0.00e+00 0.0 0.0e+00 0.0e+00 0.0e+00  0  0  0  0  0   0  0  0  0  0     0
MatAXPY                4 1.0 3.3107e-03 1.1 6.39e+04 1.0 0.0e+00 0.0e+00 4.0e+00  0  0  0  0  1   0  0  0  0  1    76
MatTranspose          14 1.0 4.8886e-03 1.0 0.00e+00 0.0 9.1e+01 6.7e+03 3.6e+01  0  0  2  1  5   0  0  2  1  5     0
MatMatMultSym         15 1.0 3.2602e-02 1.3 0.00e+00 0.0 1.6e+02 1.0e+04 5.0e+01  3  0  3  2  7   3  0  3  2  7     0
MatMatMultNum         15 1.0 1.3772e-02 1.3 1.42e+07 1.6 3.1e+01 2.5e+04 5.0e+00  1  5  1  1  1   1  5  1  1  1  3445
MatPtAPSymbolic        5 1.0 6.6281e-02 1.0 0.00e+00 0.0 2.0e+02 5.5e+04 3.5e+01  6  0  4 10  5   6  0  4 10  5     0
MatPtAPNumeric         5 1.0 4.5199e-02 1.0 2.43e+07 1.6 1.4e+02 8.0e+04 3.0e+01  4  9  3 11  4   4  9  3 11  4  1842
MatGetLocalMat        15 1.0 4.4261e-03 1.0 0.00e+00 0.0 0.0e+00 0.0e+00 0.0e+00  0  0  0  0  0   0  0  0  0  0     0
MatGetBrAoCol         15 1.0 6.7650e-03 1.1 0.00e+00 0.0 2.3e+02 4.5e+04 0.0e+00  1  0  5 10  0   1  0  5 10  0     0
VecDot                 1 1.0 2.7575e-04 1.3 1.15e+05 1.0 0.0e+00 0.0e+00 1.0e+00  0  0  0  0  0   0  0  0  0  0  1671
VecMDot               40 1.0 2.4761e-03 1.6 7.11e+06 1.0 0.0e+00 0.0e+00 4.0e+01  0  3  0  0  6   0  3  0  0  6 11329
VecTDot               38 1.0 3.4283e-03 1.6 4.38e+06 1.0 0.0e+00 0.0e+00 3.8e+01  0  2  0  0  5   0  2  0  0  6  5108
VecNorm               63 1.0 3.5147e-03 2.8 3.61e+06 1.0 0.0e+00 0.0e+00 6.3e+01  0  2  0  0  9   0  2  0  0  9  4087
VecScale              44 1.0 8.7805e-05 1.0 7.11e+05 1.0 0.0e+00 0.0e+00 0.0e+00  0  0  0  0  0   0  0  0  0  0 31948
VecCopy              234 1.0 1.2297e-03 1.1 0.00e+00 0.0 0.0e+00 0.0e+00 0.0e+00  0  0  0  0  0   0  0  0  0  0     0
VecSet               296 1.0 6.3503e-04 1.2 0.00e+00 0.0 0.0e+00 0.0e+00 0.0e+00  0  0  0  0  0   0  0  0  0  0     0
VecAXPY               40 1.0 2.6945e-03 1.1 4.28e+06 1.0 0.0e+00 0.0e+00 0.0e+00  0  2  0  0  0   0  2  0  0  0  6346
VecAYPX              473 1.0 1.1008e-02 1.1 1.18e+07 1.0 0.0e+00 0.0e+00 0.0e+00  1  5  0  0  0   1  5  0  0  0  4233
VecAXPBYCZ           152 1.0 2.9911e-03 1.2 1.23e+07 1.0 0.0e+00 0.0e+00 0.0e+00  0  5  0  0  0   0  5  0  0  0 16199
VecMAXPY              44 1.0 9.8917e-04 1.0 8.41e+06 1.0 0.0e+00 0.0e+00 0.0e+00  0  4  0  0  0   0  4  0  0  0 33515
VecAssemblyBegin      11 1.0 1.9840e-04 1.9 0.00e+00 0.0 0.0e+00 0.0e+00 9.0e+00  0  0  0  0  1   0  0  0  0  1     0
VecAssemblyEnd        11 1.0 5.6800e-06 1.2 0.00e+00 0.0 0.0e+00 0.0e+00 0.0e+00  0  0  0  0  0   0  0  0  0  0     0
VecPointwiseMult     348 1.0 8.7897e-03 1.1 5.63e+06 1.0 0.0e+00 0.0e+00 0.0e+00  1  2  0  0  0   1  2  0  0  0  2524
VecScatterBegin      525 1.0 3.7920e-03 1.9 0.00e+00 0.0 3.4e+03 2.2e+04 1.0e+00  0  0 75 72  0   0  0 75 72  0     0
VecScatterEnd        525 1.0 3.0081e-02 2.2 9.95e+04 2.2 0.0e+00 0.0e+00 0.0e+00  2  0  0  0  0   2  0  0  0  0    10
VecNormalize          44 1.0 7.0342e-04 1.4 2.13e+06 1.0 0.0e+00 0.0e+00 4.4e+01  0  1  0  0  6   0  1  0  0  7 11964
SFSetGraph            48 1.0 5.6287e-04 2.6 0.00e+00 0.0 0.0e+00 0.0e+00 0.0e+00  0  0  0  0  0   0  0  0  0  0     0
SFSetUp               49 1.0 3.5126e-03 1.2 0.00e+00 0.0 4.5e+02 4.3e+03 4.8e+01  0  0 10  2  7   0  0 10  2  7     0
SFBcastBegin          24 1.0 3.6037e-04 1.9 0.00e+00 0.0 1.8e+02 1.3e+04 0.0e+00  0  0  4  2  0   0  0  4  2  0     0
SFBcastEnd            24 1.0 1.3379e-03 5.4 0.00e+00 0.0 0.0e+00 0.0e+00 0.0e+00  0  0  0  0  0   0  0  0  0  0     0
SFReduceBegin          4 1.0 1.4271e-05 1.4 0.00e+00 0.0 1.3e+01 1.5e+03 0.0e+00  0  0  0  0  0   0  0  0  0  0     0
SFReduceEnd            4 1.0 1.3113e-05 1.3 0.00e+00 0.0 0.0e+00 0.0e+00 0.0e+00  0  0  0  0  0   0  0  0  0  0     0
SFPack               553 1.0 2.5934e-03 2.5 0.00e+00 0.0 0.0e+00 0.0e+00 0.0e+00  0  0  0  0  0   0  0  0  0  0     0
SFUnpack             553 1.0 2.0721e-04 1.7 9.95e+04 2.2 0.0e+00 0.0e+00 0.0e+00  0  0  0  0  0   0  0  0  0  0  1412
KSPSetUp              11 1.0 2.2659e-03 1.1 0.00e+00 0.0 0.0e+00 0.0e+00 8.0e+00  0  0  0  0  1   0  0  0  0  1     0
KSPSolve               1 1.0 1.7343e-01 1.0 1.76e+08 1.1 3.1e+03 2.2e+04 6.7e+01 17 76 68 64 10  17 76 68 64 10  3911
KSPGMRESOrthog        40 1.0 3.3538e-03 1.4 1.42e+07 1.0 0.0e+00 0.0e+00 4.0e+01  0  6  0  0  6   0  6  0  0  6 16728
PCSetUp_GAMG+          1 1.0 2.0287e-01 1.0 5.83e+07 1.3 1.4e+03 2.6e+04 5.9e+02 20 24 32 35 85  20 24 32 35 87  1064
 PCGAMGCreateG         4 1.0 5.6635e-03 1.1 0.00e+00 0.0 5.6e+01 6.4e+03 4.0e+00  1  0  1  0  1   1  0  1  0  1     0
 GAMG Coarsen          4 1.0 5.3676e-02 1.0 1.63e+06 1.0 5.0e+02 1.2e+04 1.7e+02  5  1 11  6 25   5  1 11  6 25   120
  GAMG MIS/Agg         4 1.0 5.0451e-02 1.0 1.63e+06 1.0 5.0e+02 1.2e+04 1.7e+02  5  1 11  6 25   5  1 11  6 25   128
 PCGAMGProl            4 1.0 9.6588e-03 1.0 0.00e+00 0.0 7.8e+01 1.2e+04 6.4e+01  1  0  2  1  9   1  0  2  1  9     0
  GAMG Prol-col        4 1.0 2.3565e-03 1.0 0.00e+00 0.0 2.6e+01 1.8e+04 2.4e+01  0  0  1  0  3   0  0  1  0  4     0
  GAMG Prol-lift       4 1.0 6.9362e-03 1.0 0.00e+00 0.0 5.2e+01 9.2e+03 2.4e+01  1  0  1  0  3   1  0  1  0  4     0
 PCGAMGOptProl         4 1.0 3.9880e-02 1.0 3.41e+07 1.1 4.5e+02 2.1e+04 1.6e+02  4 15 10  9 24   4 15 10  9 24  3311
  GAMG smooth          4 1.0 1.9535e-02 1.0 2.01e+06 1.2 1.7e+02 1.3e+04 5.6e+01  2  1  4  2  8   2  1  4  2  8   394
 PCGAMGCreateL         4 1.0 9.1608e-02 1.0 2.28e+07 1.6 3.6e+02 5.8e+04 1.6e+02  9  9  8 20 23   9  9  8 20 24   843
  GAMG PtAP            4 1.0 8.8983e-02 1.0 2.28e+07 1.6 3.0e+02 7.0e+04 5.2e+01  9  9  7 20  8   9  9  7 20  8   868
  GAMG Reduce          2 1.0 2.6439e-03 1.0 0.00e+00 0.0 6.0e+01 5.1e+02 1.1e+02  0  0  1  0 16   0  0  1  0 16     0
PCGAMG Gal l00         1 1.0 3.6782e-02 1.0 6.14e+06 1.1 6.4e+01 9.6e+04 1.3e+01  4  3  1  6  2   4  3  1  6  2   642
PCGAMG Opt l00         1 1.0 9.6078e-03 1.0 7.88e+05 1.0 3.6e+01 3.9e+04 1.1e+01  1  0  1  1  2   1  0  1  1  2   324
PCGAMG Gal l01         1 1.0 4.6749e-02 1.0 1.27e+07 2.1 9.3e+01 1.4e+05 1.3e+01  5  4  2 12  2   5  4  2 12  2   848
PCGAMG Opt l01         1 1.0 3.5179e-03 1.0 3.71e+05 1.5 5.0e+01 1.1e+04 1.1e+01  0  0  1  1  2   0  0  1  1  2   367
PCGAMG Gal l02         1 1.0 5.3101e-03 1.0 3.99e+06 1.6 1.2e+02 1.2e+04 1.3e+01  1  2  3  1  2   1  2  3  1  2  2637
PCGAMG Opt l02         1 1.0 1.0294e-03 1.0 2.86e+05 1.8 7.2e+01 3.0e+03 1.1e+01  0  0  2  0  2   0  0  2  0  2   953
PCGAMG Gal l03         1 1.0 1.4152e-04 1.1 7.62e+03 0.0 2.0e+01 1.6e+02 1.3e+01  0  0  0  0  2   0  0  0  0  2    99
PCGAMG Opt l03         1 1.0 1.0130e-04 1.0 3.72e+03 0.0 1.2e+01 2.1e+02 1.1e+01  0  0  0  0  2   0  0  0  0  2    67
PCSetUp                2 1.0 2.0294e-01 1.0 5.83e+07 1.3 1.4e+03 2.6e+04 5.9e+02 20 24 32 35 85  20 24 32 35 87  1063
PCSetUpOnBlocks       19 1.0 8.9811e-05 1.2 1.50e+01 0.0 0.0e+00 0.0e+00 0.0e+00  0  0  0  0  0   0  0  0  0  0     0
PCApply               19 1.0 1.5398e-01 1.0 1.50e+08 1.2 3.0e+03 2.0e+04 8.0e+00 15 64 66 56  1  15 64 66 56  1  3738

--- Event Stage 1: Unknown

------------------------------------------------------------------------------------------------------------------------

Object Type          Creations   Destructions. Reports information only for process 0.

--- Event Stage 0: Main Stage

           Container    24             24
              Matrix   162            162
      Matrix Coarsen     4              4
              Vector   204            204
           Index Set    96             96
   Star Forest Graph    65             65
       Krylov Solver    11             11
      Preconditioner    11             11
         PetscRandom     4              4
    Distributed Mesh     8              8
     Discrete System     8              8
           Weak Form     8              8
              Viewer     3              2

--- Event Stage 1: Unknown

========================================================================================================================
Average time to get PetscTime(): 1.99e-08
Average time for MPI_Barrier(): 1.6808e-06
Average time for zero size MPI_Send(): 4.5795e-06
#PETSc Option Table entries:
-control_arm_mask true # (source: command line)
-ksp_converged_reason # (source: command line)
-ksp_max_it 500 # (source: command line)
-ksp_rtol 1e-6 # (source: command line)
-ksp_type cg # (source: command line)
-load 1.0 # (source: command line)
-log_view :result/cpp_solve_80_40_24_np4_petsc.log # (source: command line)
-max_vtk_cells 300000 # (source: command line)
-mg_levels_ksp_type chebyshev # (source: command line)
-mg_levels_pc_type jacobi # (source: command line)
-mode solve # (source: command line)
-nx 80 # (source: command line)
-ny 40 # (source: command line)
-nz 24 # (source: command line)
-operator low_order # (source: command line)
-output_prefix result/cpp_solve_80_40_24_np4 # (source: command line)
-pc_gamg_type agg # (source: command line)
-pc_type gamg # (source: command line)
-solid_vtk_file result/cpp_solve_80_40_24_np4_solid.vtk # (source: command line)
-structured_vtk_file result/cpp_solve_80_40_24_np4.vtk # (source: command line)
-void_density 0.02 # (source: command line)
-write_solid_vtk true # (source: command line)
-write_structured_vtk true # (source: command line)
#End of PETSc Option Table entries
Compiled without FORTRAN kernels
Compiled with full precision matrices (default)
sizeof(short) 2 sizeof(int) 4 sizeof(long) 8 sizeof(void*) 8 sizeof(PetscScalar) 8 sizeof(PetscInt) 4
Configure options: --build=x86_64-linux-gnu --prefix=/usr --includedir=${prefix}/include --mandir=${prefix}/share/man --infodir=${prefix}/share/info --sysconfdir=/etc --localstatedir=/var --with-option-checking=0 --with-silent-rules=0 --libdir=${prefix}/lib/x86_64-linux-gnu --runstatedir=/run --with-maintainer-mode=0 --with-dependency-tracking=0 --with-debugging=0 --shared-library-extension=_real --with-shared-libraries --with-pic=1 --with-cc=mpicc --with-cxx=mpicxx --with-fc=mpif90 --with-cxx-dialect=C++11 --with-opencl=1 --with-blas-lib=-lblas --with-lapack-lib=-llapack --with-scalapack=1 --with-scalapack-lib=-lscalapack-openmpi --with-ptscotch=1 --with-ptscotch-include=/usr/include/scotch --with-ptscotch-lib="-lptesmumps -lptscotch -lptscotcherr" --with-fftw=1 --with-fftw-include="[]" --with-fftw-lib="-lfftw3 -lfftw3_mpi" --with-yaml=1 --with-hdf5-include=/usr/include/hdf5/openmpi --with-hdf5-lib="-L/usr/lib/x86_64-linux-gnu/hdf5/openmpi -lhdf5 -L/usr/lib/x86_64-linux-gnu/openmpi/lib -lmpi " --CXX_LINKER_FLAGS="-Wl,--no-as-needed -Wl,-z,defs" --CC_LINKER_FLAGS=-Wl,-z,defs --with-hypre=1 --with-hypre-include=/usr/include/hypre --with-hypre-lib=-lHYPRE --with-mumps=1 --with-mumps-include="[]" --with-mumps-lib="-ldmumps -lzmumps -lsmumps -lcmumps -lmumps_common -lpord" --with-suitesparse=1 --with-suitesparse-include=/usr/include/suitesparse --with-suitesparse-lib="-lspqr -lumfpack -lamd -lcholmod -lklu" --with-superlu=1 --with-superlu-include=/usr/include/superlu --with-superlu-lib=-lsuperlu --with-superlu_dist=1 --with-superlu_dist-include=/usr/include/superlu-dist --with-superlu_dist-lib=-lsuperlu_dist --with-ml=1 --with-ml-include=/usr/include/trilinos --with-ml-lib=-ltrilinos_ml --with-zoltan=1 --with-zoltan-include=/usr/include/trilinos --with-zoltan-lib=-ltrilinos_zoltan --prefix=/usr/lib/petscdir/petsc3.19/x86_64-linux-gnu-real --PETSC_ARCH=x86_64-linux-gnu-real CFLAGS="-g -O2 -fno-omit-frame-pointer -mno-omit-leaf-frame-pointer -ffile-prefix-map=/build/petsc-Z9YQSK/petsc-3.19.6+dfsg1=. -flto=auto -ffat-lto-objects -fstack-protector-strong -fstack-clash-protection -Wformat -Werror=format-security -fcf-protection -fPIC" CXXFLAGS="-g -O2 -fno-omit-frame-pointer -mno-omit-leaf-frame-pointer -ffile-prefix-map=/build/petsc-Z9YQSK/petsc-3.19.6+dfsg1=. -flto=auto -ffat-lto-objects -fstack-protector-strong -fstack-clash-protection -Wformat -Werror=format-security -fcf-protection -fPIC" FCFLAGS="-g -O2 -fno-omit-frame-pointer -mno-omit-leaf-frame-pointer -ffile-prefix-map=/build/petsc-Z9YQSK/petsc-3.19.6+dfsg1=. -flto=auto -ffat-lto-objects -fstack-protector-strong -fstack-clash-protection -fcf-protection -fPIC -ffree-line-length-0" FFLAGS="-g -O2 -fno-omit-frame-pointer -mno-omit-leaf-frame-pointer -ffile-prefix-map=/build/petsc-Z9YQSK/petsc-3.19.6+dfsg1=. -flto=auto -ffat-lto-objects -fstack-protector-strong -fstack-clash-protection -fcf-protection -fPIC -ffree-line-length-0" CPPFLAGS="-Wdate-time -D_FORTIFY_SOURCE=3" LDFLAGS="-Wl,-Bsymbolic-functions -flto=auto -ffat-lto-objects -Wl,-z,relro -fPIC" MAKEFLAGS=w
-----------------------------------------
Libraries compiled on 2024-03-31 06:45:22 on reproducible 
Machine characteristics: Linux-5.4.0-173-generic-x86_64-with-glibc2.39
Using PETSc directory: /usr/lib/petscdir/petsc3.19/x86_64-linux-gnu-real
Using PETSc arch: 
-----------------------------------------

Using C compiler: mpicc -g -O2 -fno-omit-frame-pointer -mno-omit-leaf-frame-pointer -ffile-prefix-map=/build/petsc-Z9YQSK/petsc-3.19.6+dfsg1=. -flto=auto -ffat-lto-objects -fstack-protector-strong -fstack-clash-protection -Wformat -Werror=format-security -fcf-protection -fPIC -Wdate-time -D_FORTIFY_SOURCE=3 
Using Fortran compiler: mpif90 -g -O2 -fno-omit-frame-pointer -mno-omit-leaf-frame-pointer -ffile-prefix-map=/build/petsc-Z9YQSK/petsc-3.19.6+dfsg1=. -flto=auto -ffat-lto-objects -fstack-protector-strong -fstack-clash-protection -fcf-protection -fPIC -ffree-line-length-0    -Wdate-time -D_FORTIFY_SOURCE=3
-----------------------------------------

Using include paths: -I/usr/lib/petscdir/petsc3.19/x86_64-linux-gnu-real/include -I/usr/include/hypre -I/usr/include/suitesparse -I/usr/include/superlu -I/usr/include/superlu-dist -I/usr/include/trilinos -I/usr/include/scotch -I/usr/include/hdf5/openmpi
-----------------------------------------

Using C linker: mpicc
Using Fortran linker: mpif90
Using libraries: -L/usr/lib/petscdir/petsc3.19/x86_64-linux-gnu-real/lib -L/usr/lib/petscdir/petsc3.19/x86_64-linux-gnu-real/lib -lpetsc_real -L/usr/lib/x86_64-linux-gnu/hdf5/openmpi -L/usr/lib/x86_64-linux-gnu/openmpi/lib -L/usr/lib/x86_64-linux-gnu/openmpi/lib/fortran/gfortran -L/usr/lib/gcc/x86_64-linux-gnu/13 -lHYPRE -lspqr -lumfpack -lamd -lcholmod -lklu -ldmumps -lzmumps -lsmumps -lcmumps -lmumps_common -lpord -lscalapack-openmpi -lsuperlu -lsuperlu_dist -ltrilinos_ml -lfftw3 -lfftw3_mpi -llapack -lblas -ltrilinos_zoltan -lptesmumps -lptscotch -lptscotcherr -lhdf5 -lmpi -lm -lOpenCL -lyaml -lX11 -lstdc++ -lmpi_usempif08 -lmpi_usempi_ignore_tkr -lmpi_mpifh -lmpi -lopen-rte -lopen-pal -lhwloc -levent_core -levent_pthreads -lgfortran -lm -lz -lgfortran -lm -lgfortran -lgcc_s -lquadmath -lstdc++
-----------------------------------------

