****************************************************************************************************************************************************************
***                                WIDEN YOUR WINDOW TO 160 CHARACTERS.  Use 'enscript -r -fCourier9' to print this document                                 ***
****************************************************************************************************************************************************************

------------------------------------------------------------------ PETSc Performance Summary: ------------------------------------------------------------------

./bin/control_arm_petsc on a  named DESKTOP-FJT7392 with 4 processors, by yuanchenxi Wed May 27 16:42:51 2026
Using Petsc Release Version 3.19.6, Sep 28, 2023 

                         Max       Max/Min     Avg       Total
Time (sec):           6.910e-01     1.002   6.899e-01
Objects:              6.320e+02     1.000   6.320e+02
Flops:                1.705e+08     1.178   1.622e+08  6.488e+08
Flops/sec:            2.473e+08     1.180   2.351e+08  9.405e+08
MPI Msg Count:        1.096e+03     1.833   8.478e+02  3.391e+03
MPI Msg Len (bytes):  2.683e+07     2.011   2.374e+04  8.049e+07
MPI Reductions:       6.850e+02     1.000

Flop counting convention: 1 flop = 1 real number operation of type (multiply/divide/add/subtract)
                            e.g., VecAXPY() for real vectors of length N --> 2N flops
                            and VecAXPY() for complex vectors of length N --> 8N flops

Summary of Stages:   ----- Time ------  ----- Flop ------  --- Messages ---  -- Message Lengths --  -- Reductions --
                        Avg     %Total     Avg     %Total    Count   %Total     Avg         %Total    Count   %Total
 0:      Main Stage: 6.8992e-01 100.0%  6.4882e+08 100.0%  3.391e+03 100.0%  2.374e+04      100.0%  6.670e+02  97.4%

------------------------------------------------------------------------------------------------------------------------
See the 'Profiling' chapter of the users' manual for details on interpreting output.
Phase summary info:
   Count: number of times phase was executed
   Time and Flop: Max - maximum over all processors
                  Ratio - ratio of maximum to minimum over all processors
   Mess: number of messages sent
   AvgLen: average message length (bytes)
   Reduct: number of global reductions
   Global: entire computation
   Stage: stages of a computation. Set stages with PetscLogStagePush() and PetscLogStagePop().
      %T - percent time in this phase         %F - percent flop in this phase
      %M - percent messages in this phase     %L - percent message lengths in this phase
      %R - percent reductions in this phase
   Total Mflop/s: 10e-6 * (sum of flop over all processors)/(max time over all processors)
------------------------------------------------------------------------------------------------------------------------
Event                Count      Time (sec)     Flop                              --- Global ---  --- Stage ----  Total
                   Max Ratio  Max     Ratio   Max  Ratio  Mess   AvgLen  Reduct  %T %F %M %L %R  %T %F %M %L %R Mflop/s
------------------------------------------------------------------------------------------------------------------------

--- Event Stage 0: Main Stage

BuildTwoSided         98 1.0 2.0338e-02 4.9 0.00e+00 0.0 3.0e+02 4.0e+00 9.8e+01  2  0  9  0 14   2  0  9  0 15     0
BuildTwoSidedF        50 1.0 1.8222e-02 5.1 0.00e+00 0.0 1.5e+02 8.4e+04 5.0e+01  1  0  4 15  7   1  0  4 15  7     0
MatMult              243 1.0 5.8568e-02 1.1 8.66e+07 1.2 1.7e+03 2.7e+04 0.0e+00  8 51 50 58  0   8 51 50 58  0  5636
MatMultAdd            48 1.0 8.1358e-03 1.2 6.42e+06 1.1 2.6e+02 5.6e+03 0.0e+00  1  4  8  2  0   1  4  8  2  0  3019
MatMultTranspose      48 1.0 1.0660e-02 1.2 6.49e+06 1.1 2.6e+02 5.6e+03 0.0e+00  1  4  8  2  0   1  4  8  2  0  2322
MatSolve              12 0.0 2.7159e-05 0.0 2.16e+02 0.0 0.0e+00 0.0e+00 0.0e+00  0  0  0  0  0   0  0  0  0  0     8
MatLUFactorSym         1 1.0 2.0207e-05 5.1 0.00e+00 0.0 0.0e+00 0.0e+00 0.0e+00  0  0  0  0  0   0  0  0  0  0     0
MatLUFactorNum         1 1.0 9.1700e-07 2.5 1.50e+01 0.0 0.0e+00 0.0e+00 0.0e+00  0  0  0  0  0   0  0  0  0  0    16
MatConvert             5 1.0 9.4510e-03 1.0 0.00e+00 0.0 6.8e+01 8.6e+03 5.0e+00  1  0  2  1  1   1  0  2  1  1     0
MatScale               8 1.0 5.3882e-04 1.2 5.35e+05 1.1 0.0e+00 0.0e+00 0.0e+00  0  0  0  0  0   0  0  0  0  0  3799
MatResidual           48 1.0 1.0985e-02 1.1 1.70e+07 1.2 3.4e+02 2.5e+04 0.0e+00  2 10 10 11  0   2 10 10 11  0  5897
MatAssemblyBegin      90 1.0 2.0888e-02 1.7 0.00e+00 0.0 1.5e+02 8.4e+04 4.1e+01  2  0  4 15  6   2  0  4 15  6     0
MatAssemblyEnd        90 1.0 3.1814e-02 1.0 2.08e+05 2.8 2.8e+02 3.0e+03 1.6e+02  5  0  8  1 23   5  0  8  1 24    19
MatGetRowIJ            1 0.0 1.0710e-06 0.0 0.00e+00 0.0 0.0e+00 0.0e+00 0.0e+00  0  0  0  0  0   0  0  0  0  0     0
MatCreateSubMat        4 1.0 6.2046e-04 1.0 0.00e+00 0.0 3.3e+01 8.8e+02 6.0e+01  0  0  1  0  9   0  0  1  0  9     0
MatGetOrdering         1 0.0 7.7890e-06 0.0 0.00e+00 0.0 0.0e+00 0.0e+00 0.0e+00  0  0  0  0  0   0  0  0  0  0     0
MatCoarsen             4 1.0 4.9410e-02 1.0 1.63e+06 1.0 5.0e+02 1.2e+04 1.7e+02  7  1 15  7 25   7  1 15  7 25   131
MatZeroEntries         5 1.0 6.9399e-04 1.3 0.00e+00 0.0 0.0e+00 0.0e+00 0.0e+00  0  0  0  0  0   0  0  0  0  0     0
MatAXPY                4 1.0 3.1942e-03 1.0 6.39e+04 1.0 0.0e+00 0.0e+00 4.0e+00  0  0  0  0  1   0  0  0  0  1    79
MatTranspose          14 1.0 4.8954e-03 1.1 0.00e+00 0.0 9.1e+01 6.7e+03 3.6e+01  1  0  3  1  5   1  0  3  1  5     0
MatMatMultSym         15 1.0 3.1791e-02 1.3 0.00e+00 0.0 1.6e+02 1.0e+04 5.0e+01  4  0  5  2  7   4  0  5  2  7     0
MatMatMultNum         15 1.0 1.3625e-02 1.4 1.42e+07 1.6 3.1e+01 2.5e+04 5.0e+00  2  7  1  1  1   2  7  1  1  1  3483
MatPtAPSymbolic        5 1.0 6.5338e-02 1.0 0.00e+00 0.0 2.0e+02 5.5e+04 3.5e+01  9  0  6 14  5   9  0  6 14  5     0
MatPtAPNumeric         5 1.0 4.4831e-02 1.0 2.43e+07 1.6 1.4e+02 8.0e+04 3.0e+01  6 13  4 14  4   6 13  4 14  4  1857
MatGetLocalMat        15 1.0 3.9782e-03 1.0 0.00e+00 0.0 0.0e+00 0.0e+00 0.0e+00  1  0  0  0  0   1  0  0  0  0     0
MatGetBrAoCol         15 1.0 6.4953e-03 1.1 0.00e+00 0.0 2.3e+02 4.5e+04 0.0e+00  1  0  7 13  0   1  0  7 13  0     0
VecDot                 1 1.0 1.6295e-04 1.7 1.15e+05 1.0 0.0e+00 0.0e+00 1.0e+00  0  0  0  0  0   0  0  0  0  0  2828
VecMDot               40 1.0 2.5383e-03 1.8 7.11e+06 1.0 0.0e+00 0.0e+00 4.0e+01  0  4  0  0  6   0  4  0  0  6 11051
VecTDot               24 1.0 1.7427e-03 1.5 2.76e+06 1.0 0.0e+00 0.0e+00 2.4e+01  0  2  0  0  4   0  2  0  0  4  6346
VecNorm               69 1.0 2.7184e-03 1.6 4.30e+06 1.0 0.0e+00 0.0e+00 6.9e+01  0  3  0  0 10   0  3  0  0 10  6301
VecScale              44 1.0 8.5729e-05 1.0 7.11e+05 1.0 0.0e+00 0.0e+00 0.0e+00  0  0  0  0  0   0  0  0  0  0 32722
VecCopy              162 1.0 1.2028e-03 1.1 0.00e+00 0.0 0.0e+00 0.0e+00 0.0e+00  0  0  0  0  0   0  0  0  0  0     0
VecSet               191 1.0 4.1596e-04 1.1 0.00e+00 0.0 0.0e+00 0.0e+00 0.0e+00  0  0  0  0  0   0  0  0  0  0     0
VecAXPY               26 1.0 1.1742e-03 1.1 2.66e+06 1.0 0.0e+00 0.0e+00 0.0e+00  0  2  0  0  0   0  2  0  0  0  9068
VecAYPX              298 1.0 5.1287e-03 1.1 7.36e+06 1.0 0.0e+00 0.0e+00 0.0e+00  1  4  0  0  0   1  4  0  0  0  5672
VecAXPBYCZ            96 1.0 1.4165e-03 1.2 7.76e+06 1.0 0.0e+00 0.0e+00 0.0e+00  0  5  0  0  0   0  5  0  0  0 21604
VecMAXPY              44 1.0 9.6142e-04 1.1 8.41e+06 1.0 0.0e+00 0.0e+00 0.0e+00  0  5  0  0  0   0  5  0  0  0 34483
VecAssemblyBegin      11 1.0 2.7629e-04 1.6 0.00e+00 0.0 0.0e+00 0.0e+00 9.0e+00  0  0  0  0  1   0  0  0  0  1     0
VecAssemblyEnd        11 1.0 5.7490e-06 1.1 0.00e+00 0.0 0.0e+00 0.0e+00 0.0e+00  0  0  0  0  0   0  0  0  0  0     0
VecPointwiseMult     236 1.0 4.6788e-03 1.0 3.81e+06 1.0 0.0e+00 0.0e+00 0.0e+00  1  2  0  0  0   1  2  0  0  0  3216
VecScatterBegin      350 1.0 2.0363e-03 1.6 0.00e+00 0.0 2.2e+03 2.3e+04 1.0e+00  0  0 66 63  0   0  0 66 63  0     0
VecScatterEnd        350 1.0 1.4883e-02 1.7 6.28e+04 2.2 0.0e+00 0.0e+00 0.0e+00  2  0  0  0  0   2  0  0  0  0    12
VecNormalize          44 1.0 6.2538e-04 1.1 2.13e+06 1.0 0.0e+00 0.0e+00 4.4e+01  0  1  0  0  6   0  1  0  0  7 13457
SFSetGraph            48 1.0 5.5760e-04 2.9 0.00e+00 0.0 0.0e+00 0.0e+00 0.0e+00  0  0  0  0  0   0  0  0  0  0     0
SFSetUp               49 1.0 3.3139e-03 1.2 0.00e+00 0.0 4.5e+02 4.3e+03 4.8e+01  0  0 13  2  7   0  0 13  2  7     0
SFBcastBegin          24 1.0 1.2336e-04 1.4 0.00e+00 0.0 1.8e+02 1.3e+04 0.0e+00  0  0  5  3  0   0  0  5  3  0     0
SFBcastEnd            24 1.0 1.2177e-03 4.2 0.00e+00 0.0 0.0e+00 0.0e+00 0.0e+00  0  0  0  0  0   0  0  0  0  0     0
SFReduceBegin          4 1.0 8.2910e-06 1.1 0.00e+00 0.0 1.3e+01 1.5e+03 0.0e+00  0  0  0  0  0   0  0  0  0  0     0
SFReduceEnd            4 1.0 7.8850e-06 1.4 0.00e+00 0.0 0.0e+00 0.0e+00 0.0e+00  0  0  0  0  0   0  0  0  0  0     0
SFPack               378 1.0 1.3328e-03 2.2 0.00e+00 0.0 0.0e+00 0.0e+00 0.0e+00  0  0  0  0  0   0  0  0  0  0     0
SFUnpack             378 1.0 8.8389e-05 1.5 6.28e+04 2.2 0.0e+00 0.0e+00 0.0e+00  0  0  0  0  0   0  0  0  0  0  2091
KSPSetUp              11 1.0 1.4268e-03 1.2 0.00e+00 0.0 0.0e+00 0.0e+00 8.0e+00  0  0  0  0  1   0  0  0  0  1     0
KSPSolve               1 1.0 8.6828e-02 1.0 1.12e+08 1.1 1.9e+03 2.2e+04 5.7e+01 13 67 57 52  8  13 67 57 52  9  4982
KSPGMRESOrthog        40 1.0 3.3514e-03 1.5 1.42e+07 1.0 0.0e+00 0.0e+00 4.0e+01  0  9  0  0  6   0  9  0  0  6 16740
PCSetUp_GAMG+          1 1.0 1.8915e-01 1.0 5.83e+07 1.3 1.4e+03 2.6e+04 5.9e+02 27 33 42 46 86  27 33 42 46 88  1141
 PCGAMGCreateG         4 1.0 5.4141e-03 1.1 0.00e+00 0.0 5.6e+01 6.4e+03 4.0e+00  1  0  2  0  1   1  0  2  0  1     0
 GAMG Coarsen          4 1.0 5.2564e-02 1.0 1.63e+06 1.0 5.0e+02 1.2e+04 1.7e+02  8  1 15  7 25   8  1 15  7 25   123
  GAMG MIS/Agg         4 1.0 4.9440e-02 1.0 1.63e+06 1.0 5.0e+02 1.2e+04 1.7e+02  7  1 15  7 25   7  1 15  7 25   131
 PCGAMGProl            4 1.0 7.2601e-03 1.0 0.00e+00 0.0 7.8e+01 1.2e+04 6.4e+01  1  0  2  1  9   1  0  2  1 10     0
  GAMG Prol-col        4 1.0 1.9103e-03 1.1 0.00e+00 0.0 2.6e+01 1.8e+04 2.4e+01  0  0  1  1  4   0  0  1  1  4     0
  GAMG Prol-lift       4 1.0 4.9377e-03 1.0 0.00e+00 0.0 5.2e+01 9.2e+03 2.4e+01  1  0  2  1  4   1  0  2  1  4     0
 PCGAMGOptProl         4 1.0 3.3786e-02 1.0 3.41e+07 1.1 4.5e+02 2.1e+04 1.6e+02  5 20 13 12 24   5 20 13 12 25  3909
  GAMG smooth          4 1.0 1.8606e-02 1.0 2.01e+06 1.2 1.7e+02 1.3e+04 5.6e+01  3  1  5  3  8   3  1  5  3  8   413
 PCGAMGCreateL         4 1.0 8.9525e-02 1.0 2.28e+07 1.6 3.6e+02 5.8e+04 1.6e+02 13 12 11 26 24  13 12 11 26 24   863
  GAMG PtAP            4 1.0 8.8555e-02 1.0 2.28e+07 1.6 3.0e+02 7.0e+04 5.2e+01 13 12  9 26  8  13 12  9 26  8   872
  GAMG Reduce          2 1.0 9.6689e-04 1.0 0.00e+00 0.0 6.0e+01 5.1e+02 1.1e+02  0  0  2  0 16   0  0  2  0 16     0
PCGAMG Gal l00         1 1.0 3.5758e-02 1.0 6.14e+06 1.1 6.4e+01 9.6e+04 1.3e+01  5  4  2  8  2   5  4  2  8  2   660
PCGAMG Opt l00         1 1.0 9.3466e-03 1.0 7.88e+05 1.0 3.6e+01 3.9e+04 1.1e+01  1  0  1  2  2   1  0  1  2  2   333
PCGAMG Gal l01         1 1.0 4.7472e-02 1.0 1.27e+07 2.1 9.3e+01 1.4e+05 1.3e+01  7  6  3 16  2   7  6  3 16  2   835
PCGAMG Opt l01         1 1.0 3.4855e-03 1.0 3.71e+05 1.5 5.0e+01 1.1e+04 1.1e+01  1  0  1  1  2   1  0  1  1  2   370
PCGAMG Gal l02         1 1.0 5.2116e-03 1.0 3.99e+06 1.6 1.2e+02 1.2e+04 1.3e+01  1  2  4  2  2   1  2  4  2  2  2687
PCGAMG Opt l02         1 1.0 1.0166e-03 1.0 2.86e+05 1.8 7.2e+01 3.0e+03 1.1e+01  0  0  2  0  2   0  0  2  0  2   965
PCGAMG Gal l03         1 1.0 1.1238e-04 1.0 7.62e+03 0.0 2.0e+01 1.6e+02 1.3e+01  0  0  1  0  2   0  0  1  0  2   125
PCGAMG Opt l03         1 1.0 7.7974e-05 1.0 3.72e+03 0.0 1.2e+01 2.1e+02 1.1e+01  0  0  0  0  2   0  0  0  0  2    87
PCSetUp                2 1.0 1.8923e-01 1.0 5.83e+07 1.3 1.4e+03 2.6e+04 5.9e+02 27 33 42 46 86  27 33 42 46 88  1140
PCSetUpOnBlocks       12 1.0 8.2333e-05 1.4 1.50e+01 0.0 0.0e+00 0.0e+00 0.0e+00  0  0  0  0  0   0  0  0  0  0     0
PCApply               12 1.0 7.4307e-02 1.0 9.47e+07 1.2 1.9e+03 2.0e+04 8.0e+00 11 56 55 46  1  11 56 55 46  1  4892

--- Event Stage 1: Unknown

------------------------------------------------------------------------------------------------------------------------

Object Type          Creations   Destructions. Reports information only for process 0.

--- Event Stage 0: Main Stage

           Container    24             24
              Matrix   162            162
      Matrix Coarsen     4              4
              Vector   228            228
           Index Set    96             96
   Star Forest Graph    65             65
       Krylov Solver    11             11
      Preconditioner    11             11
              Viewer     3              2
         PetscRandom     4              4
    Distributed Mesh     8              8
     Discrete System     8              8
           Weak Form     8              8

--- Event Stage 1: Unknown

========================================================================================================================
Average time to get PetscTime(): 1.76e-08
Average time for MPI_Barrier(): 6.402e-07
Average time for zero size MPI_Send(): 3.2725e-06
#PETSc Option Table entries:
-ksp_converged_reason # (source: command line)
-ksp_max_it 500 # (source: command line)
-ksp_monitor_true_residual # (source: command line)
-ksp_rtol 1e-6 # (source: command line)
-ksp_type cg # (source: command line)
-load 1.0 # (source: command line)
-log_view :result/wsl_smoke_80_40_24_np4_petsc.log # (source: command line)
-mg_levels_ksp_type chebyshev # (source: command line)
-mg_levels_pc_type jacobi # (source: command line)
-nx 80 # (source: command line)
-ny 40 # (source: command line)
-nz 24 # (source: command line)
-operator low_order # (source: command line)
-output_prefix result/wsl_smoke_80_40_24_np4 # (source: command line)
-pc_gamg_type agg # (source: command line)
-pc_type gamg # (source: command line)
-vtk_file result/wsl_smoke_80_40_24_np4.vtk # (source: command line)
-write_vtk true # (source: command line)
#End of PETSc Option Table entries
Compiled without FORTRAN kernels
Compiled with full precision matrices (default)
sizeof(short) 2 sizeof(int) 4 sizeof(long) 8 sizeof(void*) 8 sizeof(PetscScalar) 8 sizeof(PetscInt) 4
Configure options: --build=x86_64-linux-gnu --prefix=/usr --includedir=${prefix}/include --mandir=${prefix}/share/man --infodir=${prefix}/share/info --sysconfdir=/etc --localstatedir=/var --with-option-checking=0 --with-silent-rules=0 --libdir=${prefix}/lib/x86_64-linux-gnu --runstatedir=/run --with-maintainer-mode=0 --with-dependency-tracking=0 --with-debugging=0 --shared-library-extension=_real --with-shared-libraries --with-pic=1 --with-cc=mpicc --with-cxx=mpicxx --with-fc=mpif90 --with-cxx-dialect=C++11 --with-opencl=1 --with-blas-lib=-lblas --with-lapack-lib=-llapack --with-scalapack=1 --with-scalapack-lib=-lscalapack-openmpi --with-ptscotch=1 --with-ptscotch-include=/usr/include/scotch --with-ptscotch-lib="-lptesmumps -lptscotch -lptscotcherr" --with-fftw=1 --with-fftw-include="[]" --with-fftw-lib="-lfftw3 -lfftw3_mpi" --with-yaml=1 --with-hdf5-include=/usr/include/hdf5/openmpi --with-hdf5-lib="-L/usr/lib/x86_64-linux-gnu/hdf5/openmpi -lhdf5 -L/usr/lib/x86_64-linux-gnu/openmpi/lib -lmpi " --CXX_LINKER_FLAGS="-Wl,--no-as-needed -Wl,-z,defs" --CC_LINKER_FLAGS=-Wl,-z,defs --with-hypre=1 --with-hypre-include=/usr/include/hypre --with-hypre-lib=-lHYPRE --with-mumps=1 --with-mumps-include="[]" --with-mumps-lib="-ldmumps -lzmumps -lsmumps -lcmumps -lmumps_common -lpord" --with-suitesparse=1 --with-suitesparse-include=/usr/include/suitesparse --with-suitesparse-lib="-lspqr -lumfpack -lamd -lcholmod -lklu" --with-superlu=1 --with-superlu-include=/usr/include/superlu --with-superlu-lib=-lsuperlu --with-superlu_dist=1 --with-superlu_dist-include=/usr/include/superlu-dist --with-superlu_dist-lib=-lsuperlu_dist --with-ml=1 --with-ml-include=/usr/include/trilinos --with-ml-lib=-ltrilinos_ml --with-zoltan=1 --with-zoltan-include=/usr/include/trilinos --with-zoltan-lib=-ltrilinos_zoltan --prefix=/usr/lib/petscdir/petsc3.19/x86_64-linux-gnu-real --PETSC_ARCH=x86_64-linux-gnu-real CFLAGS="-g -O2 -fno-omit-frame-pointer -mno-omit-leaf-frame-pointer -ffile-prefix-map=/build/petsc-Z9YQSK/petsc-3.19.6+dfsg1=. -flto=auto -ffat-lto-objects -fstack-protector-strong -fstack-clash-protection -Wformat -Werror=format-security -fcf-protection -fPIC" CXXFLAGS="-g -O2 -fno-omit-frame-pointer -mno-omit-leaf-frame-pointer -ffile-prefix-map=/build/petsc-Z9YQSK/petsc-3.19.6+dfsg1=. -flto=auto -ffat-lto-objects -fstack-protector-strong -fstack-clash-protection -Wformat -Werror=format-security -fcf-protection -fPIC" FCFLAGS="-g -O2 -fno-omit-frame-pointer -mno-omit-leaf-frame-pointer -ffile-prefix-map=/build/petsc-Z9YQSK/petsc-3.19.6+dfsg1=. -flto=auto -ffat-lto-objects -fstack-protector-strong -fstack-clash-protection -fcf-protection -fPIC -ffree-line-length-0" FFLAGS="-g -O2 -fno-omit-frame-pointer -mno-omit-leaf-frame-pointer -ffile-prefix-map=/build/petsc-Z9YQSK/petsc-3.19.6+dfsg1=. -flto=auto -ffat-lto-objects -fstack-protector-strong -fstack-clash-protection -fcf-protection -fPIC -ffree-line-length-0" CPPFLAGS="-Wdate-time -D_FORTIFY_SOURCE=3" LDFLAGS="-Wl,-Bsymbolic-functions -flto=auto -ffat-lto-objects -Wl,-z,relro -fPIC" MAKEFLAGS=w
-----------------------------------------
Libraries compiled on 2024-03-31 06:45:22 on reproducible 
Machine characteristics: Linux-5.4.0-173-generic-x86_64-with-glibc2.39
Using PETSc directory: /usr/lib/petscdir/petsc3.19/x86_64-linux-gnu-real
Using PETSc arch: 
-----------------------------------------

Using C compiler: mpicc -g -O2 -fno-omit-frame-pointer -mno-omit-leaf-frame-pointer -ffile-prefix-map=/build/petsc-Z9YQSK/petsc-3.19.6+dfsg1=. -flto=auto -ffat-lto-objects -fstack-protector-strong -fstack-clash-protection -Wformat -Werror=format-security -fcf-protection -fPIC -Wdate-time -D_FORTIFY_SOURCE=3 
Using Fortran compiler: mpif90 -g -O2 -fno-omit-frame-pointer -mno-omit-leaf-frame-pointer -ffile-prefix-map=/build/petsc-Z9YQSK/petsc-3.19.6+dfsg1=. -flto=auto -ffat-lto-objects -fstack-protector-strong -fstack-clash-protection -fcf-protection -fPIC -ffree-line-length-0    -Wdate-time -D_FORTIFY_SOURCE=3
-----------------------------------------

Using include paths: -I/usr/lib/petscdir/petsc3.19/x86_64-linux-gnu-real/include -I/usr/include/hypre -I/usr/include/suitesparse -I/usr/include/superlu -I/usr/include/superlu-dist -I/usr/include/trilinos -I/usr/include/scotch -I/usr/include/hdf5/openmpi
-----------------------------------------

Using C linker: mpicc
Using Fortran linker: mpif90
Using libraries: -L/usr/lib/petscdir/petsc3.19/x86_64-linux-gnu-real/lib -L/usr/lib/petscdir/petsc3.19/x86_64-linux-gnu-real/lib -lpetsc_real -L/usr/lib/x86_64-linux-gnu/hdf5/openmpi -L/usr/lib/x86_64-linux-gnu/openmpi/lib -L/usr/lib/x86_64-linux-gnu/openmpi/lib/fortran/gfortran -L/usr/lib/gcc/x86_64-linux-gnu/13 -lHYPRE -lspqr -lumfpack -lamd -lcholmod -lklu -ldmumps -lzmumps -lsmumps -lcmumps -lmumps_common -lpord -lscalapack-openmpi -lsuperlu -lsuperlu_dist -ltrilinos_ml -lfftw3 -lfftw3_mpi -llapack -lblas -ltrilinos_zoltan -lptesmumps -lptscotch -lptscotcherr -lhdf5 -lmpi -lm -lOpenCL -lyaml -lX11 -lstdc++ -lmpi_usempif08 -lmpi_usempi_ignore_tkr -lmpi_mpifh -lmpi -lopen-rte -lopen-pal -lhwloc -levent_core -levent_pthreads -lgfortran -lm -lz -lgfortran -lm -lgfortran -lgcc_s -lquadmath -lstdc++
-----------------------------------------

